<?xml version="1.0" encoding="UTF-8"?>
<!-- Generated by org.testng.reporters.JUnitReportReporter -->
<testsuite skipped="0" hostname="DESKTOP-IDQFV09" name="com.mystore.testcases.loginPageTest" tests="1" failures="0" timestamp="2020-12-21T14:44:17 IST" time="27.465" errors="0">
  <testcase name="loginTest" time="27.465" classname="com.mystore.testcases.loginPageTest"/>
  <system-out/>
</testsuite> <!-- com.mystore.testcases.loginPageTest -->
