<?xml version="1.0" encoding="UTF-8"?>
<!-- Generated by org.testng.reporters.JUnitReportReporter -->
<testsuite skipped="0" hostname="DESKTOP-IDQFV09" name="com.mystore.testcases.indexPageTest" tests="2" failures="0" timestamp="2020-12-21T14:44:17 IST" time="44.704" errors="0">
  <testcase name="verifyLogo" time="19.011" classname="com.mystore.testcases.indexPageTest"/>
  <system-out/>
  <testcase name="verifyTitle" time="25.693" classname="com.mystore.testcases.indexPageTest"/>
  <system-out/>
</testsuite> <!-- com.mystore.testcases.indexPageTest -->
