<?xml version="1.0" encoding="UTF-8"?>
<!-- Generated by org.testng.reporters.JUnitReportReporter -->
<testsuite skipped="0" hostname="DESKTOP-IDQFV09" name="com.mystore.testcases.addToCartPageTest" tests="1" failures="0" timestamp="2020-12-21T14:44:17 IST" time="32.090" errors="0">
  <testcase name="addProductToCart" time="32.090" classname="com.mystore.testcases.addToCartPageTest"/>
  <system-out/>
</testsuite> <!-- com.mystore.testcases.addToCartPageTest -->
