<?xml version="1.0" encoding="UTF-8"?>
<!-- Generated by org.testng.reporters.JUnitReportReporter -->
<testsuite skipped="0" hostname="DESKTOP-IDQFV09" name="com.mystore.testcases.addToCartPageTest" tests="1" failures="0" timestamp="2020-12-19T16:42:53 IST" time="29.006" errors="0">
  <testcase name="addProductToCart" time="29.006" classname="com.mystore.testcases.addToCartPageTest"/>
  <system-out/>
</testsuite> <!-- com.mystore.testcases.addToCartPageTest -->
