<?xml version="1.0" encoding="UTF-8"?>
<!-- Generated by org.testng.reporters.JUnitReportReporter -->
<testsuite skipped="0" hostname="DESKTOP-IDQFV09" name="com.mystore.testcases.accountCreationPageTest" tests="4" failures="0" timestamp="2020-12-19T16:42:53 IST" time="132.367" errors="0">
  <testcase name="createAnAccount" time="25.000" classname="com.mystore.testcases.accountCreationPageTest"/>
  <system-out/>
  <testcase name="createAnAccount" time="25.896" classname="com.mystore.testcases.accountCreationPageTest"/>
  <system-out/>
  <testcase name="verifyCreateAccountPageTitle" time="31.318" classname="com.mystore.testcases.accountCreationPageTest"/>
  <system-out/>
  <testcase name="verifyCreateAccountPageTitle" time="50.153" classname="com.mystore.testcases.accountCreationPageTest"/>
  <system-out/>
</testsuite> <!-- com.mystore.testcases.accountCreationPageTest -->
