<?xml version="1.0" encoding="UTF-8"?>
<!-- Generated by org.testng.reporters.JUnitReportReporter -->
<testsuite skipped="0" hostname="DESKTOP-IDQFV09" name="com.mystore.testcases.accountCreationPageTest" tests="4" failures="0" timestamp="2020-12-21T14:44:17 IST" time="133.728" errors="0">
  <testcase name="createAnAccount" time="29.530" classname="com.mystore.testcases.accountCreationPageTest"/>
  <system-out/>
  <testcase name="createAnAccount" time="21.112" classname="com.mystore.testcases.accountCreationPageTest"/>
  <system-out/>
  <testcase name="verifyCreateAccountPageTitle" time="23.956" classname="com.mystore.testcases.accountCreationPageTest"/>
  <system-out/>
  <testcase name="verifyCreateAccountPageTitle" time="59.130" classname="com.mystore.testcases.accountCreationPageTest"/>
  <system-out/>
</testsuite> <!-- com.mystore.testcases.accountCreationPageTest -->
