<?xml version="1.0" encoding="UTF-8"?>
<!-- Generated by org.testng.reporters.JUnitReportReporter -->
<testsuite skipped="0" hostname="DESKTOP-IDQFV09" name="com.mystore.testcases.indexPageTest" tests="2" failures="0" timestamp="2020-12-19T16:42:53 IST" time="45.476" errors="0">
  <testcase name="verifyLogo" time="18.475" classname="com.mystore.testcases.indexPageTest"/>
  <system-out/>
  <testcase name="verifyTitle" time="27.001" classname="com.mystore.testcases.indexPageTest"/>
  <system-out/>
</testsuite> <!-- com.mystore.testcases.indexPageTest -->
