<?xml version="1.0" encoding="UTF-8"?>
<!-- Generated by org.testng.reporters.JUnitReportReporter -->
<testsuite skipped="0" hostname="DESKTOP-IDQFV09" name="com.mystore.testcases.searchResultPageTest" tests="1" failures="0" timestamp="2020-12-21T14:44:17 IST" time="30.805" errors="0">
  <testcase name="searchProduct" time="30.805" classname="com.mystore.testcases.searchResultPageTest"/>
  <system-out/>
</testsuite> <!-- com.mystore.testcases.searchResultPageTest -->
