<?xml version="1.0" encoding="UTF-8"?>
<!-- Generated by org.testng.reporters.JUnitReportReporter -->
<testsuite skipped="0" hostname="DESKTOP-IDQFV09" name="com.mystore.testcases.homePageTest" tests="2" failures="0" timestamp="2020-12-19T16:42:53 IST" time="51.119" errors="0">
  <testcase name="verifyWishList" time="27.921" classname="com.mystore.testcases.homePageTest"/>
  <system-out/>
  <testcase name="verifyOrderHistory" time="23.198" classname="com.mystore.testcases.homePageTest"/>
  <system-out/>
</testsuite> <!-- com.mystore.testcases.homePageTest -->
